<?xml version="1.0" encoding="UTF-8"?>
<!-- Generated by org.testng.reporters.JUnitXMLReporter -->
<testsuite hostname="Macs-MacBook-Air.local" ignored="0" name="ФiralgerieTest" tests="10" failures="0" timestamp="03 янв 2019 11:38:45 GMT" time="11.803" errors="0">
  <testcase name="shouldBookingFormOpenedAfterClickingOpenButton" time="0.204" classname="by.bsu.pagefactoryselenium.HomePageTest"/>
  <testcase name="shouldCookiesBannerClosedWhenTheyAccepted" time="0.163" classname="by.bsu.pagefactoryselenium.HomePageTest"/>
  <testcase name="shouldManageFormOpenedAfterClickingOpenButton" time="0.239" classname="by.bsu.pagefactoryselenium.HomePageTest"/>
  <testcase name="shouldReturnInputBecomesActiveWhenTwoWayBtnClicked" time="0.262" classname="by.bsu.pagefactoryselenium.HomePageTest"/>
  <testcase name="shouldReturnInputDisabledWhenOneWayBtnClicked" time="0.093" classname="by.bsu.pagefactoryselenium.HomePageTest"/>
  <testcase name="shouldSubscribeFormThrowErrorWhenEnteredBadValue" time="0.273" classname="by.bsu.pagefactoryselenium.HomePageTest"/>
  <testcase name="shouldSuggestedTextChangedToEnglishLangWhenEnglishClicked" time="1.828" classname="by.bsu.pagefactoryselenium.HomePageTest"/>
  <testcase name="shoudFormClosed" time="0.221" classname="by.bsu.pagefactoryselenium.HomePageTest"/>
  <testcase name="shouldCannotBookAFlightWithoutValues" time="0.379" classname="by.bsu.pagefactoryselenium.HomePageTest"/>
  <testcase name="shoudErrorMessageShownWhenBadValuesSetted" time="5.422" classname="by.bsu.pagefactoryselenium.HomePageTest"/>
</testsuite> <!-- ФiralgerieTest -->
